[2024-12-13 20:51:46] 📝 Starting new log session
[2024-12-13 20:51:46] -- Loading extension: ipc
[2024-12-13 20:51:46] -- Loading extension: alert
[2024-12-13 20:51:46] ✅ IPC Command Line Tool Installed
[2024-12-13 20:51:46] -- Loading extension: sound
[2024-12-13 20:51:46] Successfully loaded sound for UP
[2024-12-13 20:51:46] Successfully loaded sound for RIGHT
[2024-12-13 20:51:46] Successfully loaded sound for LEFT
[2024-12-13 20:51:46] Successfully loaded sound for DOWN
[2024-12-13 20:51:46] Successfully loaded dissonant sound for UP
[2024-12-13 20:51:46] Successfully loaded dissonant sound for RIGHT
[2024-12-13 20:51:46] Successfully loaded dissonant sound for LEFT
[2024-12-13 20:51:46] Successfully loaded dissonant sound for DOWN
[2024-12-13 20:51:46] Successfully loaded sound for back
[2024-12-13 20:51:46] -- Loading extension: eventtap
[2024-12-13 20:51:46] 
==================================================
[2024-12-13 20:51:46] Starting Integration Tests
[2024-12-13 20:51:46] ==================================================
[2024-12-13 20:51:46] 
==================================================
[2024-12-13 20:51:46] Testing View Component
[2024-12-13 20:51:46] ==================================================
[2024-12-13 20:51:46] ✅ View Tests: 
[2024-12-13 20:51:46] 
==================================================
[2024-12-13 20:51:46] Testing Sound Component
[2024-12-13 20:51:46] ==================================================
[2024-12-13 20:51:46] Successfully loaded sound for UP
[2024-12-13 20:51:46] Successfully loaded sound for RIGHT
[2024-12-13 20:51:46] Successfully loaded sound for LEFT
[2024-12-13 20:51:46] Successfully loaded sound for DOWN
[2024-12-13 20:51:46] Successfully loaded dissonant sound for UP
[2024-12-13 20:51:46] Successfully loaded dissonant sound for RIGHT
[2024-12-13 20:51:46] Successfully loaded dissonant sound for LEFT
[2024-12-13 20:51:46] Successfully loaded dissonant sound for DOWN
[2024-12-13 20:51:46] Successfully loaded sound for back
[2024-12-13 20:51:46] ✅ Sound Initialization: Success
[2024-12-13 20:51:46] ✅ Sound Loading: 
[2024-12-13 20:51:46] 
==================================================
[2024-12-13 20:51:46] Testing Animation Component
[2024-12-13 20:51:46] ==================================================
[2024-12-13 20:51:46] -- Loading extension: webview
[2024-12-13 20:51:48] -- Loading extension: timer
[2024-12-13 20:51:48] 🎉 Starting celebration sequence!
[2024-12-13 20:51:48] -- Loading extension: task
[2024-12-13 20:51:48] ✅ Animation Tests: 
[2024-12-13 20:51:48] 
==================================================
[2024-12-13 20:51:48] Testing Controller Component
[2024-12-13 20:51:48] ==================================================
[2024-12-13 20:51:48] -- Loading extension: screen
[2024-12-13 20:51:48] -- Loading extension: drawing
[2024-12-13 20:51:48] 📝 Arrow key pressed: up - Starting celebration window
[2024-12-13 20:51:48] ⌨️  Vim motion: up (Previous arrow: up, Time diff: 0.00s)
[2024-12-13 20:51:48] 🎯 Match found! Arrow + Vim combination detected
[2024-12-13 20:51:48] 🎉 Starting celebration sequence!
[2024-12-13 20:51:48] ✅ Controller Tests: 
[2024-12-13 20:51:48] 
==================================================
[2024-12-13 20:51:48] Test Results Summary
[2024-12-13 20:51:48] ==================================================
[2024-12-13 20:51:48] ✅ sound: Success
[2024-12-13 20:51:48] ✅ animation: Success
[2024-12-13 20:51:48] ✅ view: Success
[2024-12-13 20:51:48] ✅ controller: Success
[2024-12-13 20:51:48] 
--------------------------------------------------
[2024-12-13 20:51:48] ✅ All Tests: All components working correctly
[2024-12-13 20:51:48] ✅ Arrows System initialized successfully
[2024-12-13 20:51:48] ✅ Hammerspoon config loaded
[2024-12-13 20:51:48] -- Done.
[2024-12-13 20:51:48] -- Loading extension: keycodes
[2024-12-13 20:51:53] Successfully playing sound for down
[2024-12-13 20:51:53] 📝 Arrow key pressed: down - Starting celebration window
[2024-12-13 20:51:53] Successfully playing sound for up
[2024-12-13 20:51:53] 📝 Arrow key pressed: up - Starting celebration window
